2021-01-06 11:02:21,674 - QTvcp - INFO - Logging to "/home/cnc/linuxcnc/configs/my-mill/qtdragon.log"
2021-01-06 11:02:22,130 - QTvcp - INFO - Base log level set to 20
2021-01-06 11:02:22,131 - QtDesigner.QTVCP.QT_PSTAT - DEBUG - BASENAME qtdragon
2021-01-06 11:02:22,133 - QtDesigner.QTVCP.QT_PSTAT - DEBUG - Checking for handler file in: None Found
2021-01-06 11:02:22,133 - QtDesigner.QTVCP.QT_PSTAT - DEBUG - Checking for default handler file in: /usr/share/qtvcp/screens/qtdragon/qtdragon_handler.py
2021-01-06 11:02:22,134 - QtDesigner.QTVCP.QT_PSTAT - INFO - Using DEFAULT handler file path: /usr/share/qtvcp/screens/qtdragon/qtdragon_handler.py
2021-01-06 11:02:22,135 - QtDesigner.QTVCP.QT_PSTAT - DEBUG - Checking for .ui in: None Found
2021-01-06 11:02:22,135 - QtDesigner.QTVCP.QT_PSTAT - DEBUG - Checking for .ui in: /usr/share/qtvcp/screens/qtdragon/qtdragon.ui
2021-01-06 11:02:22,136 - QtDesigner.QTVCP.QT_PSTAT - INFO - Using DEFAULT ui file from /usr/share/qtvcp/screens/qtdragon/qtdragon.ui
2021-01-06 11:02:22,137 - QtDesigner.QTVCP.QT_PSTAT - DEBUG - Checking for .qss in: None Found
2021-01-06 11:02:22,137 - QtDesigner.QTVCP.QT_PSTAT - DEBUG - Checking for .qss in: /usr/share/qtvcp/screens/qtdragon/qtdragon.qss
2021-01-06 11:02:22,138 - QtDesigner.QTVCP.QT_PSTAT - INFO - Using DEFAULT qss file from /usr/share/qtvcp/screens/qtdragon/qtdragon.qss
2021-01-06 11:02:22,139 - QtDesigner.QTVCP.QT_PSTAT - DEBUG - Checking for .qrc in: None Found
2021-01-06 11:02:22,139 - QtDesigner.QTVCP.QT_PSTAT - DEBUG - Checking for .qrc in: /usr/share/qtvcp/screens/qtdragon/qtdragon.qrc
2021-01-06 11:02:22,139 - QtDesigner.QTVCP.QT_PSTAT - INFO - Using DEFAULT qrc file from /usr/share/qtvcp/screens/qtdragon/qtdragon.qrc
2021-01-06 11:02:22,139 - QtDesigner.QTVCP.QT_PSTAT - DEBUG - Checking for resources.py in: /home/cnc/linuxcnc/configs/my-mill/resources.py
2021-01-06 11:02:22,140 - QtDesigner.QTVCP.QT_PSTAT - DEBUG - Checking for resources.py in: /usr/share/qtvcp/screens/qtdragon/resources.py
2021-01-06 11:02:22,140 - QtDesigner.QTVCP.QT_PSTAT - INFO - DEFAULT Resources.py file needs to be compiled at: /usr/share/qtvcp/screens/qtdragon/resources.py
2021-01-06 11:02:22,140 - QTvcp - INFO - Building A Linuxcnc Main Screen
2021-01-06 11:02:22,141 - QTvcp - INFO - No handler file specified on command line
2021-01-06 11:02:22,141 - QTvcp - INFO - No HAL component base name specified on command line using: qtdragon
2021-01-06 11:02:22,407 - QTvcp.QTVCP.QT_MAKEGUI - INFO - Compiling qrc: /usr/share/qtvcp/screens/qtdragon/qtdragon.qrc to 
 /usr/share/qtvcp/screens/qtdragon/resources.py
2021-01-06 11:02:22,560 - QTvcp.QTVCP.QT_MAKEGUI - INFO - No resource file to load: /usr/share/qtvcp/screens/qtdragon/resources.py
2021-01-06 11:02:24,533 - QTvcp.QTVCP.QT_MAKEPINS - WARNING - Preference instance error: Cannot find directory: /home/cnc/linuxcnc/configs/qtdragon for preference file.
2021-01-06 11:02:24,670 - QTvcp.QTVCP.WIDGETS.DIALOG_WIDGET - WARNING - Detected hal_manualtoolchange component already loaded
   Qtvcp recommends to allow use of it's own component by not loading the original. 
   Qtvcp Intergrated toolchange dialog will not show untill then
2021-01-06 11:02:24,726 - QTvcp.QTVCP.WIDGETS.BASIC_PROBE - ERROR - No path to BasicProbe Macros Found in INI's [RS274] SUBROUTINE_PATH entry
2021-01-06 11:02:24,947 - QTvcp.QTVCP.QT_MAKEPINS - INFO - No preference file - can not set preference geometry.
2021-01-06 11:02:25,139 - QTvcp - INFO - postgui filename: postgui_call_list.hal
2021-01-06 11:02:25,170 - QTvcp - INFO - Preference path: None
2021-01-06 11:02:49,844 - QtDesigner.QTVCP.QT_ACTION - INFO - Homing Joint: 0
2021-01-06 11:03:13,758 - QtDesigner.QTVCP.QT_ACTION - INFO - Homing Joint: -1
2021-01-06 11:03:20,375 - QtDesigner.QTVCP.QT_ACTION - INFO - Homing Joint: -1
2021-01-06 11:03:24,755 - QTvcp.QTVCP.WIDGETS.DIALOG_WIDGET - DEBUG - Button pressed is: &No
2021-01-06 11:03:24,758 - QTvcp.QTVCP.WIDGETS.DIALOG_WIDGET - DEBUG - Value of pressed button: 65536
2021-01-06 11:03:41,759 - QTvcp.QTVCP.WIDGETS.DIALOG_WIDGET - DEBUG - Button pressed is: System
Shutdown
2021-01-06 11:03:41,760 - QTvcp.QTVCP.WIDGETS.DIALOG_WIDGET - DEBUG - Button pressed is: System
Shutdown
2021-01-06 11:03:41,760 - QTvcp.QTVCP.WIDGETS.DIALOG_WIDGET - DEBUG - Value of pressed button: 0
2021-01-06 11:03:41,808 - QTvcp.QTVCP.QT_MAKEPINS - INFO - Closing cleanup on: basicprobe
